0 info it worked if it ends with ok
1 verbose cli [ '/usr/local/bin/node', '/usr/local/bin/npm', 'install' ]
2 info using npm@2.15.8
3 info using node@v4.4.7
4 verbose readDependencies loading dependencies from /Users/Arun/Developer/projects/loneshark/package.json
5 verbose install where, deps [ '/Users/Arun/Developer/projects/loneshark',
5 verbose install   [ 'blockchain.info',
5 verbose install     'history',
5 verbose install     'meteor-node-stubs',
5 verbose install     'react',
5 verbose install     'react-dom',
5 verbose install     'react-router',
5 verbose install     'remarkable' ] ]
6 verbose install where, peers [ '/Users/Arun/Developer/projects/loneshark', [] ]
7 verbose installManyTop reading for lifecycle /Users/Arun/Developer/projects/loneshark/package.json
8 info preinstall notsoloneshark@
9 verbose installManyTop reading scoped package data from /Users/Arun/Developer/projects/loneshark/node_modules/argparse/package.json
10 verbose installManyTop reading scoped package data from /Users/Arun/Developer/projects/loneshark/node_modules/asap/package.json
11 verbose installManyTop reading scoped package data from /Users/Arun/Developer/projects/loneshark/node_modules/autolinker/package.json
12 verbose installManyTop reading scoped package data from /Users/Arun/Developer/projects/loneshark/node_modules/blockchain.info/package.json
13 verbose installManyTop reading scoped package data from /Users/Arun/Developer/projects/loneshark/node_modules/core-js/package.json
14 verbose installManyTop reading scoped package data from /Users/Arun/Developer/projects/loneshark/node_modules/deep-equal/package.json
15 verbose installManyTop reading scoped package data from /Users/Arun/Developer/projects/loneshark/node_modules/encoding/package.json
16 verbose installManyTop reading scoped package data from /Users/Arun/Developer/projects/loneshark/node_modules/fbjs/package.json
17 verbose installManyTop reading scoped package data from /Users/Arun/Developer/projects/loneshark/node_modules/history/package.json
18 verbose installManyTop reading scoped package data from /Users/Arun/Developer/projects/loneshark/node_modules/hoist-non-react-statics/package.json
19 verbose installManyTop reading scoped package data from /Users/Arun/Developer/projects/loneshark/node_modules/iconv-lite/package.json
20 verbose installManyTop reading scoped package data from /Users/Arun/Developer/projects/loneshark/node_modules/immutable/package.json
21 verbose installManyTop reading scoped package data from /Users/Arun/Developer/projects/loneshark/node_modules/invariant/package.json
22 verbose installManyTop reading scoped package data from /Users/Arun/Developer/projects/loneshark/node_modules/is-stream/package.json
23 verbose installManyTop reading scoped package data from /Users/Arun/Developer/projects/loneshark/node_modules/isomorphic-fetch/package.json
24 verbose installManyTop reading scoped package data from /Users/Arun/Developer/projects/loneshark/node_modules/js-tokens/package.json
25 verbose installManyTop reading scoped package data from /Users/Arun/Developer/projects/loneshark/node_modules/loose-envify/package.json
26 verbose installManyTop reading scoped package data from /Users/Arun/Developer/projects/loneshark/node_modules/meteor-node-stubs/package.json
27 verbose installManyTop reading scoped package data from /Users/Arun/Developer/projects/loneshark/node_modules/node-fetch/package.json
28 verbose installManyTop reading scoped package data from /Users/Arun/Developer/projects/loneshark/node_modules/object-assign/package.json
29 verbose installManyTop reading scoped package data from /Users/Arun/Developer/projects/loneshark/node_modules/promise/package.json
30 verbose installManyTop reading scoped package data from /Users/Arun/Developer/projects/loneshark/node_modules/query-string/package.json
31 verbose installManyTop reading scoped package data from /Users/Arun/Developer/projects/loneshark/node_modules/react/package.json
32 verbose installManyTop reading scoped package data from /Users/Arun/Developer/projects/loneshark/node_modules/react-dom/package.json
33 verbose installManyTop reading scoped package data from /Users/Arun/Developer/projects/loneshark/node_modules/react-router/package.json
34 verbose installManyTop reading scoped package data from /Users/Arun/Developer/projects/loneshark/node_modules/remarkable/package.json
35 verbose installManyTop reading scoped package data from /Users/Arun/Developer/projects/loneshark/node_modules/strict-uri-encode/package.json
36 verbose installManyTop reading scoped package data from /Users/Arun/Developer/projects/loneshark/node_modules/ua-parser-js/package.json
37 verbose installManyTop reading scoped package data from /Users/Arun/Developer/projects/loneshark/node_modules/underscore/package.json
38 verbose installManyTop reading scoped package data from /Users/Arun/Developer/projects/loneshark/node_modules/underscore.string/package.json
39 verbose installManyTop reading scoped package data from /Users/Arun/Developer/projects/loneshark/node_modules/warning/package.json
40 verbose installManyTop reading scoped package data from /Users/Arun/Developer/projects/loneshark/node_modules/whatwg-fetch/package.json
41 info package.json autolinker@0.15.3 license should be a valid SPDX license expression
42 info package.json blockchain.info@2.4.2 No license field.
43 info package.json hoist-non-react-statics@1.2.0 No license field.
44 info package.json ua-parser-js@0.7.10 No license field.
45 info package.json underscore@1.7.0 No license field.
46 info package.json underscore.string@2.4.0 No license field.
47 verbose readDependencies loading dependencies from /Users/Arun/Developer/projects/loneshark/package.json
48 verbose targetResolver reading package data from /Users/Arun/Developer/projects/loneshark/node_modules/argparse/package.json
49 verbose targetResolver reading package data from /Users/Arun/Developer/projects/loneshark/node_modules/asap/package.json
50 verbose targetResolver reading package data from /Users/Arun/Developer/projects/loneshark/node_modules/autolinker/package.json
51 verbose targetResolver reading package data from /Users/Arun/Developer/projects/loneshark/node_modules/blockchain.info/package.json
52 verbose targetResolver reading package data from /Users/Arun/Developer/projects/loneshark/node_modules/core-js/package.json
53 verbose targetResolver reading package data from /Users/Arun/Developer/projects/loneshark/node_modules/deep-equal/package.json
54 verbose targetResolver reading package data from /Users/Arun/Developer/projects/loneshark/node_modules/encoding/package.json
55 verbose targetResolver reading package data from /Users/Arun/Developer/projects/loneshark/node_modules/fbjs/package.json
56 verbose targetResolver reading package data from /Users/Arun/Developer/projects/loneshark/node_modules/history/package.json
57 verbose targetResolver reading package data from /Users/Arun/Developer/projects/loneshark/node_modules/hoist-non-react-statics/package.json
58 verbose targetResolver reading package data from /Users/Arun/Developer/projects/loneshark/node_modules/iconv-lite/package.json
59 verbose targetResolver reading package data from /Users/Arun/Developer/projects/loneshark/node_modules/immutable/package.json
60 verbose targetResolver reading package data from /Users/Arun/Developer/projects/loneshark/node_modules/invariant/package.json
61 verbose targetResolver reading package data from /Users/Arun/Developer/projects/loneshark/node_modules/is-stream/package.json
62 verbose targetResolver reading package data from /Users/Arun/Developer/projects/loneshark/node_modules/isomorphic-fetch/package.json
63 verbose targetResolver reading package data from /Users/Arun/Developer/projects/loneshark/node_modules/js-tokens/package.json
64 verbose targetResolver reading package data from /Users/Arun/Developer/projects/loneshark/node_modules/loose-envify/package.json
65 verbose targetResolver reading package data from /Users/Arun/Developer/projects/loneshark/node_modules/meteor-node-stubs/package.json
66 verbose targetResolver reading package data from /Users/Arun/Developer/projects/loneshark/node_modules/node-fetch/package.json
67 verbose targetResolver reading package data from /Users/Arun/Developer/projects/loneshark/node_modules/object-assign/package.json
68 verbose targetResolver reading package data from /Users/Arun/Developer/projects/loneshark/node_modules/promise/package.json
69 verbose targetResolver reading package data from /Users/Arun/Developer/projects/loneshark/node_modules/query-string/package.json
70 verbose targetResolver reading package data from /Users/Arun/Developer/projects/loneshark/node_modules/react/package.json
71 verbose targetResolver reading package data from /Users/Arun/Developer/projects/loneshark/node_modules/react-dom/package.json
72 verbose targetResolver reading package data from /Users/Arun/Developer/projects/loneshark/node_modules/react-router/package.json
73 verbose targetResolver reading package data from /Users/Arun/Developer/projects/loneshark/node_modules/remarkable/package.json
74 verbose targetResolver reading package data from /Users/Arun/Developer/projects/loneshark/node_modules/strict-uri-encode/package.json
75 verbose targetResolver reading package data from /Users/Arun/Developer/projects/loneshark/node_modules/ua-parser-js/package.json
76 verbose targetResolver reading package data from /Users/Arun/Developer/projects/loneshark/node_modules/underscore/package.json
77 verbose targetResolver reading package data from /Users/Arun/Developer/projects/loneshark/node_modules/underscore.string/package.json
78 verbose targetResolver reading package data from /Users/Arun/Developer/projects/loneshark/node_modules/warning/package.json
79 verbose targetResolver reading package data from /Users/Arun/Developer/projects/loneshark/node_modules/whatwg-fetch/package.json
80 verbose targetResolver reading package data from /Users/Arun/Developer/projects/loneshark/node_modules/.bin/loose-envify/package.json
81 verbose targetResolver reading package data from /Users/Arun/Developer/projects/loneshark/node_modules/.bin/remarkable/package.json
82 verbose already installed skipping react@^15.4.0-rc.4 /Users/Arun/Developer/projects/loneshark
83 verbose already installed skipping react-dom@^15.4.0-rc.4 /Users/Arun/Developer/projects/loneshark
84 verbose already installed skipping react-router@^2.8.1 /Users/Arun/Developer/projects/loneshark
85 verbose already installed skipping remarkable@^1.7.1 /Users/Arun/Developer/projects/loneshark
86 verbose already installed skipping blockchain.info@^2.4.2 /Users/Arun/Developer/projects/loneshark
87 verbose already installed skipping history@^4.3.0 /Users/Arun/Developer/projects/loneshark
88 verbose already installed skipping meteor-node-stubs@~0.2.0 /Users/Arun/Developer/projects/loneshark
89 silly install resolved []
90 info build /Users/Arun/Developer/projects/loneshark
91 info linkStuff notsoloneshark@
92 silly linkStuff notsoloneshark@ has /Users/Arun/Developer/projects as its parent node_modules
93 verbose linkBins notsoloneshark@
94 verbose linkMans notsoloneshark@
95 verbose rebuildBundles notsoloneshark@
96 verbose rebuildBundles [ '.bin',
96 verbose rebuildBundles   'argparse',
96 verbose rebuildBundles   'asap',
96 verbose rebuildBundles   'autolinker',
96 verbose rebuildBundles   'blockchain.info',
96 verbose rebuildBundles   'core-js',
96 verbose rebuildBundles   'deep-equal',
96 verbose rebuildBundles   'encoding',
96 verbose rebuildBundles   'fbjs',
96 verbose rebuildBundles   'history',
96 verbose rebuildBundles   'hoist-non-react-statics',
96 verbose rebuildBundles   'iconv-lite',
96 verbose rebuildBundles   'immutable',
96 verbose rebuildBundles   'invariant',
96 verbose rebuildBundles   'is-stream',
96 verbose rebuildBundles   'isomorphic-fetch',
96 verbose rebuildBundles   'js-tokens',
96 verbose rebuildBundles   'loose-envify',
96 verbose rebuildBundles   'meteor-node-stubs',
96 verbose rebuildBundles   'node-fetch',
96 verbose rebuildBundles   'object-assign',
96 verbose rebuildBundles   'promise',
96 verbose rebuildBundles   'query-string',
96 verbose rebuildBundles   'react',
96 verbose rebuildBundles   'react-dom',
96 verbose rebuildBundles   'react-router',
96 verbose rebuildBundles   'remarkable',
96 verbose rebuildBundles   'strict-uri-encode',
96 verbose rebuildBundles   'ua-parser-js',
96 verbose rebuildBundles   'underscore',
96 verbose rebuildBundles   'underscore.string',
96 verbose rebuildBundles   'warning',
96 verbose rebuildBundles   'whatwg-fetch' ]
97 verbose rebuild bundle /Users/Arun/Developer/projects/loneshark/node_modules/argparse
98 info build /Users/Arun/Developer/projects/loneshark/node_modules/argparse
99 info preinstall argparse@0.1.16
100 info linkStuff argparse@0.1.16
101 silly linkStuff argparse@0.1.16 has /Users/Arun/Developer/projects/loneshark/node_modules as its parent node_modules
102 verbose linkBins argparse@0.1.16
103 verbose linkMans argparse@0.1.16
104 verbose rebuildBundles argparse@0.1.16
105 info install argparse@0.1.16
106 info postinstall argparse@0.1.16
107 verbose rebuild bundle /Users/Arun/Developer/projects/loneshark/node_modules/asap
108 info build /Users/Arun/Developer/projects/loneshark/node_modules/asap
109 info preinstall asap@2.0.5
110 info linkStuff asap@2.0.5
111 silly linkStuff asap@2.0.5 has /Users/Arun/Developer/projects/loneshark/node_modules as its parent node_modules
112 verbose linkBins asap@2.0.5
113 verbose linkMans asap@2.0.5
114 verbose rebuildBundles asap@2.0.5
115 info install asap@2.0.5
116 info postinstall asap@2.0.5
117 verbose rebuild bundle /Users/Arun/Developer/projects/loneshark/node_modules/autolinker
118 info build /Users/Arun/Developer/projects/loneshark/node_modules/autolinker
119 info preinstall autolinker@0.15.3
120 info linkStuff autolinker@0.15.3
121 silly linkStuff autolinker@0.15.3 has /Users/Arun/Developer/projects/loneshark/node_modules as its parent node_modules
122 verbose linkBins autolinker@0.15.3
123 verbose linkMans autolinker@0.15.3
124 verbose rebuildBundles autolinker@0.15.3
125 info install autolinker@0.15.3
126 info postinstall autolinker@0.15.3
127 verbose rebuild bundle /Users/Arun/Developer/projects/loneshark/node_modules/core-js
128 info build /Users/Arun/Developer/projects/loneshark/node_modules/core-js
129 info preinstall core-js@1.2.7
130 info linkStuff core-js@1.2.7
131 silly linkStuff core-js@1.2.7 has /Users/Arun/Developer/projects/loneshark/node_modules as its parent node_modules
132 verbose linkBins core-js@1.2.7
133 verbose linkMans core-js@1.2.7
134 verbose rebuildBundles core-js@1.2.7
135 info install core-js@1.2.7
136 info postinstall core-js@1.2.7
137 verbose rebuild bundle /Users/Arun/Developer/projects/loneshark/node_modules/deep-equal
138 info build /Users/Arun/Developer/projects/loneshark/node_modules/deep-equal
139 info preinstall deep-equal@1.0.1
140 info linkStuff deep-equal@1.0.1
141 silly linkStuff deep-equal@1.0.1 has /Users/Arun/Developer/projects/loneshark/node_modules as its parent node_modules
142 verbose linkBins deep-equal@1.0.1
143 verbose linkMans deep-equal@1.0.1
144 verbose rebuildBundles deep-equal@1.0.1
145 info install deep-equal@1.0.1
146 info postinstall deep-equal@1.0.1
147 verbose rebuild bundle /Users/Arun/Developer/projects/loneshark/node_modules/encoding
148 info build /Users/Arun/Developer/projects/loneshark/node_modules/encoding
149 info preinstall encoding@0.1.12
150 info linkStuff encoding@0.1.12
151 silly linkStuff encoding@0.1.12 has /Users/Arun/Developer/projects/loneshark/node_modules as its parent node_modules
152 verbose linkBins encoding@0.1.12
153 verbose linkMans encoding@0.1.12
154 verbose rebuildBundles encoding@0.1.12
155 info install encoding@0.1.12
156 info postinstall encoding@0.1.12
157 verbose rebuild bundle /Users/Arun/Developer/projects/loneshark/node_modules/fbjs
158 info build /Users/Arun/Developer/projects/loneshark/node_modules/fbjs
159 info preinstall fbjs@0.8.5
160 info linkStuff fbjs@0.8.5
161 silly linkStuff fbjs@0.8.5 has /Users/Arun/Developer/projects/loneshark/node_modules as its parent node_modules
162 verbose linkBins fbjs@0.8.5
163 verbose linkMans fbjs@0.8.5
164 verbose rebuildBundles fbjs@0.8.5
165 info install fbjs@0.8.5
166 info postinstall fbjs@0.8.5
167 verbose rebuild bundle /Users/Arun/Developer/projects/loneshark/node_modules/hoist-non-react-statics
168 info build /Users/Arun/Developer/projects/loneshark/node_modules/hoist-non-react-statics
169 info preinstall hoist-non-react-statics@1.2.0
170 info linkStuff hoist-non-react-statics@1.2.0
171 silly linkStuff hoist-non-react-statics@1.2.0 has /Users/Arun/Developer/projects/loneshark/node_modules as its parent node_modules
172 verbose linkBins hoist-non-react-statics@1.2.0
173 verbose linkMans hoist-non-react-statics@1.2.0
174 verbose rebuildBundles hoist-non-react-statics@1.2.0
175 info install hoist-non-react-statics@1.2.0
176 info postinstall hoist-non-react-statics@1.2.0
177 verbose rebuild bundle /Users/Arun/Developer/projects/loneshark/node_modules/iconv-lite
178 info build /Users/Arun/Developer/projects/loneshark/node_modules/iconv-lite
179 info preinstall iconv-lite@0.4.13
180 info linkStuff iconv-lite@0.4.13
181 silly linkStuff iconv-lite@0.4.13 has /Users/Arun/Developer/projects/loneshark/node_modules as its parent node_modules
182 verbose linkBins iconv-lite@0.4.13
183 verbose linkMans iconv-lite@0.4.13
184 verbose rebuildBundles iconv-lite@0.4.13
185 info install iconv-lite@0.4.13
186 info postinstall iconv-lite@0.4.13
187 verbose rebuild bundle /Users/Arun/Developer/projects/loneshark/node_modules/immutable
188 info build /Users/Arun/Developer/projects/loneshark/node_modules/immutable
189 info preinstall immutable@3.8.1
190 info linkStuff immutable@3.8.1
191 silly linkStuff immutable@3.8.1 has /Users/Arun/Developer/projects/loneshark/node_modules as its parent node_modules
192 verbose linkBins immutable@3.8.1
193 verbose linkMans immutable@3.8.1
194 verbose rebuildBundles immutable@3.8.1
195 info install immutable@3.8.1
196 info postinstall immutable@3.8.1
197 verbose rebuild bundle /Users/Arun/Developer/projects/loneshark/node_modules/invariant
198 info build /Users/Arun/Developer/projects/loneshark/node_modules/invariant
199 info preinstall invariant@2.2.1
200 info linkStuff invariant@2.2.1
201 silly linkStuff invariant@2.2.1 has /Users/Arun/Developer/projects/loneshark/node_modules as its parent node_modules
202 verbose linkBins invariant@2.2.1
203 verbose linkMans invariant@2.2.1
204 verbose rebuildBundles invariant@2.2.1
205 info install invariant@2.2.1
206 info postinstall invariant@2.2.1
207 verbose rebuild bundle /Users/Arun/Developer/projects/loneshark/node_modules/is-stream
208 info build /Users/Arun/Developer/projects/loneshark/node_modules/is-stream
209 info preinstall is-stream@1.1.0
210 info linkStuff is-stream@1.1.0
211 silly linkStuff is-stream@1.1.0 has /Users/Arun/Developer/projects/loneshark/node_modules as its parent node_modules
212 verbose linkBins is-stream@1.1.0
213 verbose linkMans is-stream@1.1.0
214 verbose rebuildBundles is-stream@1.1.0
215 info install is-stream@1.1.0
216 info postinstall is-stream@1.1.0
217 verbose rebuild bundle /Users/Arun/Developer/projects/loneshark/node_modules/isomorphic-fetch
218 info build /Users/Arun/Developer/projects/loneshark/node_modules/isomorphic-fetch
219 info preinstall isomorphic-fetch@2.2.1
220 info linkStuff isomorphic-fetch@2.2.1
221 silly linkStuff isomorphic-fetch@2.2.1 has /Users/Arun/Developer/projects/loneshark/node_modules as its parent node_modules
222 verbose linkBins isomorphic-fetch@2.2.1
223 verbose linkMans isomorphic-fetch@2.2.1
224 verbose rebuildBundles isomorphic-fetch@2.2.1
225 info install isomorphic-fetch@2.2.1
226 info postinstall isomorphic-fetch@2.2.1
227 verbose rebuild bundle /Users/Arun/Developer/projects/loneshark/node_modules/js-tokens
228 info build /Users/Arun/Developer/projects/loneshark/node_modules/js-tokens
229 info preinstall js-tokens@1.0.3
230 info linkStuff js-tokens@1.0.3
231 silly linkStuff js-tokens@1.0.3 has /Users/Arun/Developer/projects/loneshark/node_modules as its parent node_modules
232 verbose linkBins js-tokens@1.0.3
233 verbose linkMans js-tokens@1.0.3
234 verbose rebuildBundles js-tokens@1.0.3
235 info install js-tokens@1.0.3
236 info postinstall js-tokens@1.0.3
237 verbose rebuild bundle /Users/Arun/Developer/projects/loneshark/node_modules/loose-envify
238 info build /Users/Arun/Developer/projects/loneshark/node_modules/loose-envify
239 info preinstall loose-envify@1.2.0
240 info linkStuff loose-envify@1.2.0
241 silly linkStuff loose-envify@1.2.0 has /Users/Arun/Developer/projects/loneshark/node_modules as its parent node_modules
242 verbose linkBins loose-envify@1.2.0
243 verbose link bins [ { 'loose-envify': 'cli.js' },
243 verbose link bins   '/Users/Arun/Developer/projects/loneshark/node_modules/.bin',
243 verbose link bins   false ]
244 verbose linkMans loose-envify@1.2.0
245 verbose rebuildBundles loose-envify@1.2.0
246 silly gentlyRm /Users/Arun/Developer/projects/loneshark/node_modules/.bin/loose-envify is being purged
247 verbose gentlyRm don't care about contents; nuking /Users/Arun/Developer/projects/loneshark/node_modules/.bin/loose-envify
248 silly vacuum-fs purging /Users/Arun/Developer/projects/loneshark/node_modules/.bin/loose-envify
249 silly vacuum-fs quitting because other entries in /Users/Arun/Developer/projects/loneshark/node_modules/.bin
250 info install loose-envify@1.2.0
251 info postinstall loose-envify@1.2.0
252 verbose rebuild bundle /Users/Arun/Developer/projects/loneshark/node_modules/node-fetch
253 info build /Users/Arun/Developer/projects/loneshark/node_modules/node-fetch
254 info preinstall node-fetch@1.6.3
255 info linkStuff node-fetch@1.6.3
256 silly linkStuff node-fetch@1.6.3 has /Users/Arun/Developer/projects/loneshark/node_modules as its parent node_modules
257 verbose linkBins node-fetch@1.6.3
258 verbose linkMans node-fetch@1.6.3
259 verbose rebuildBundles node-fetch@1.6.3
260 info install node-fetch@1.6.3
261 info postinstall node-fetch@1.6.3
262 verbose rebuild bundle /Users/Arun/Developer/projects/loneshark/node_modules/object-assign
263 info build /Users/Arun/Developer/projects/loneshark/node_modules/object-assign
264 info preinstall object-assign@4.1.0
265 info linkStuff object-assign@4.1.0
266 silly linkStuff object-assign@4.1.0 has /Users/Arun/Developer/projects/loneshark/node_modules as its parent node_modules
267 verbose linkBins object-assign@4.1.0
268 verbose linkMans object-assign@4.1.0
269 verbose rebuildBundles object-assign@4.1.0
270 info install object-assign@4.1.0
271 info postinstall object-assign@4.1.0
272 verbose rebuild bundle /Users/Arun/Developer/projects/loneshark/node_modules/promise
273 info build /Users/Arun/Developer/projects/loneshark/node_modules/promise
274 info preinstall promise@7.1.1
275 info linkStuff promise@7.1.1
276 silly linkStuff promise@7.1.1 has /Users/Arun/Developer/projects/loneshark/node_modules as its parent node_modules
277 verbose linkBins promise@7.1.1
278 verbose linkMans promise@7.1.1
279 verbose rebuildBundles promise@7.1.1
280 info install promise@7.1.1
281 info postinstall promise@7.1.1
282 verbose rebuild bundle /Users/Arun/Developer/projects/loneshark/node_modules/query-string
283 info build /Users/Arun/Developer/projects/loneshark/node_modules/query-string
284 info preinstall query-string@3.0.3
285 info linkStuff query-string@3.0.3
286 silly linkStuff query-string@3.0.3 has /Users/Arun/Developer/projects/loneshark/node_modules as its parent node_modules
287 verbose linkBins query-string@3.0.3
288 verbose linkMans query-string@3.0.3
289 verbose rebuildBundles query-string@3.0.3
290 info install query-string@3.0.3
291 info postinstall query-string@3.0.3
292 verbose rebuild bundle /Users/Arun/Developer/projects/loneshark/node_modules/strict-uri-encode
293 info build /Users/Arun/Developer/projects/loneshark/node_modules/strict-uri-encode
294 info preinstall strict-uri-encode@1.1.0
295 info linkStuff strict-uri-encode@1.1.0
296 silly linkStuff strict-uri-encode@1.1.0 has /Users/Arun/Developer/projects/loneshark/node_modules as its parent node_modules
297 verbose linkBins strict-uri-encode@1.1.0
298 verbose linkMans strict-uri-encode@1.1.0
299 verbose rebuildBundles strict-uri-encode@1.1.0
300 info install strict-uri-encode@1.1.0
301 info postinstall strict-uri-encode@1.1.0
302 verbose rebuild bundle /Users/Arun/Developer/projects/loneshark/node_modules/ua-parser-js
303 info build /Users/Arun/Developer/projects/loneshark/node_modules/ua-parser-js
304 info preinstall ua-parser-js@0.7.10
305 info linkStuff ua-parser-js@0.7.10
306 silly linkStuff ua-parser-js@0.7.10 has /Users/Arun/Developer/projects/loneshark/node_modules as its parent node_modules
307 verbose linkBins ua-parser-js@0.7.10
308 verbose linkMans ua-parser-js@0.7.10
309 verbose rebuildBundles ua-parser-js@0.7.10
310 info install ua-parser-js@0.7.10
311 info postinstall ua-parser-js@0.7.10
312 verbose rebuild bundle /Users/Arun/Developer/projects/loneshark/node_modules/underscore
313 info build /Users/Arun/Developer/projects/loneshark/node_modules/underscore
314 info preinstall underscore@1.7.0
315 info linkStuff underscore@1.7.0
316 silly linkStuff underscore@1.7.0 has /Users/Arun/Developer/projects/loneshark/node_modules as its parent node_modules
317 verbose linkBins underscore@1.7.0
318 verbose linkMans underscore@1.7.0
319 verbose rebuildBundles underscore@1.7.0
320 info install underscore@1.7.0
321 info postinstall underscore@1.7.0
322 verbose rebuild bundle /Users/Arun/Developer/projects/loneshark/node_modules/underscore.string
323 info build /Users/Arun/Developer/projects/loneshark/node_modules/underscore.string
324 info preinstall underscore.string@2.4.0
325 info linkStuff underscore.string@2.4.0
326 silly linkStuff underscore.string@2.4.0 has /Users/Arun/Developer/projects/loneshark/node_modules as its parent node_modules
327 verbose linkBins underscore.string@2.4.0
328 verbose linkMans underscore.string@2.4.0
329 verbose rebuildBundles underscore.string@2.4.0
330 info install underscore.string@2.4.0
331 info postinstall underscore.string@2.4.0
332 verbose rebuild bundle /Users/Arun/Developer/projects/loneshark/node_modules/warning
333 info build /Users/Arun/Developer/projects/loneshark/node_modules/warning
334 info preinstall warning@3.0.0
335 info linkStuff warning@3.0.0
336 silly linkStuff warning@3.0.0 has /Users/Arun/Developer/projects/loneshark/node_modules as its parent node_modules
337 verbose linkBins warning@3.0.0
338 verbose linkMans warning@3.0.0
339 verbose rebuildBundles warning@3.0.0
340 info install warning@3.0.0
341 info postinstall warning@3.0.0
342 verbose rebuild bundle /Users/Arun/Developer/projects/loneshark/node_modules/whatwg-fetch
343 info build /Users/Arun/Developer/projects/loneshark/node_modules/whatwg-fetch
344 info preinstall whatwg-fetch@1.0.0
345 info linkStuff whatwg-fetch@1.0.0
346 silly linkStuff whatwg-fetch@1.0.0 has /Users/Arun/Developer/projects/loneshark/node_modules as its parent node_modules
347 verbose linkBins whatwg-fetch@1.0.0
348 verbose linkMans whatwg-fetch@1.0.0
349 verbose rebuildBundles whatwg-fetch@1.0.0
350 info install whatwg-fetch@1.0.0
351 info postinstall whatwg-fetch@1.0.0
352 info install notsoloneshark@
353 info postinstall notsoloneshark@
354 info prepublish notsoloneshark@
355 verbose validateInstall loading /Users/Arun/Developer/projects/loneshark/package.json for validation
356 verbose stack Error: The package react@15.4.0-rc.4 does not satisfy its siblings' peerDependencies requirements!
356 verbose stack     at /usr/local/lib/node_modules/npm/lib/install.js:125:32
356 verbose stack     at /usr/local/lib/node_modules/npm/lib/install.js:268:7
356 verbose stack     at /usr/local/lib/node_modules/npm/node_modules/read-installed/read-installed.js:142:5
356 verbose stack     at /usr/local/lib/node_modules/npm/node_modules/read-installed/read-installed.js:263:14
356 verbose stack     at cb (/usr/local/lib/node_modules/npm/node_modules/slide/lib/async-map.js:47:24)
356 verbose stack     at /usr/local/lib/node_modules/npm/node_modules/read-installed/read-installed.js:263:14
356 verbose stack     at cb (/usr/local/lib/node_modules/npm/node_modules/slide/lib/async-map.js:47:24)
356 verbose stack     at /usr/local/lib/node_modules/npm/node_modules/read-installed/read-installed.js:263:14
356 verbose stack     at cb (/usr/local/lib/node_modules/npm/node_modules/slide/lib/async-map.js:47:24)
356 verbose stack     at /usr/local/lib/node_modules/npm/node_modules/read-installed/read-installed.js:263:14
357 verbose cwd /Users/Arun/Developer/projects/loneshark
358 error Darwin 15.5.0
359 error argv "/usr/local/bin/node" "/usr/local/bin/npm" "install"
360 error node v4.4.7
361 error npm  v2.15.8
362 error code EPEERINVALID
363 error peerinvalid The package react@15.4.0-rc.4 does not satisfy its siblings' peerDependencies requirements!
363 error peerinvalid Peer react-dom@15.4.0-rc.4 wants react@^15.4.0-rc.4
363 error peerinvalid Peer react-router@2.8.1 wants react@^0.14.0 || ^15.0.0
364 verbose exit [ 1, true ]
